0 info it worked if it ends with ok
1 verbose cli [ 'C:\\Program Files\\nodejs\\node.exe',
1 verbose cli   'C:\\Program Files\\nodejs\\node_modules\\npm\\bin\\npm-cli.js',
1 verbose cli   'start' ]
2 info using npm@2.14.9
3 info using node@v0.12.12
4 verbose run-script [ 'prestart', 'start', 'poststart' ]
5 info prestart budget_app@1.0.0
6 info start budget_app@1.0.0
7 verbose unsafe-perm in lifecycle true
8 info budget_app@1.0.0 Failed to exec start script
9 verbose stack Error: budget_app@1.0.0 start: `babel-node server.js`
9 verbose stack Exit status 1
9 verbose stack     at EventEmitter.<anonymous> (C:\Program Files\nodejs\node_modules\npm\lib\utils\lifecycle.js:214:16)
9 verbose stack     at EventEmitter.emit (events.js:110:17)
9 verbose stack     at ChildProcess.<anonymous> (C:\Program Files\nodejs\node_modules\npm\lib\utils\spawn.js:24:14)
9 verbose stack     at ChildProcess.emit (events.js:110:17)
9 verbose stack     at maybeClose (child_process.js:1019:16)
9 verbose stack     at Process.ChildProcess._handle.onexit (child_process.js:1091:5)
10 verbose pkgid budget_app@1.0.0
11 verbose cwd D:\web\budget
12 error Windows_NT 5.1.2600
13 error argv "C:\\Program Files\\nodejs\\node.exe" "C:\\Program Files\\nodejs\\node_modules\\npm\\bin\\npm-cli.js" "start"
14 error node v0.12.12
15 error npm  v2.14.9
16 error code ELIFECYCLE
17 error budget_app@1.0.0 start: `babel-node server.js`
17 error Exit status 1
18 error Failed at the budget_app@1.0.0 start script 'babel-node server.js'.
18 error This is most likely a problem with the budget_app package,
18 error not with npm itself.
18 error Tell the author that this fails on your system:
18 error     babel-node server.js
18 error You can get their info via:
18 error     npm owner ls budget_app
18 error There is likely additional logging output above.
19 verbose exit [ 1, true ]
